<?xml version="1.0" encoding="UTF-8"?>
<!-- Generated by org.testng.reporters.JUnitReportReporter -->
<testsuite skipped="0" hostname="EIS0240" name="tests.RestAssuredTest" tests="3" failures="0" timestamp="2021-06-16T15:57:07 EET" time="8.842" errors="0">
  <testcase name="create_user" time="7.387" classname="tests.RestAssuredTest"/>
  <system-out/>
  <testcase name="Retrieve_specific_user" time="0.612" classname="tests.RestAssuredTest"/>
  <system-out/>
  <testcase name="Retrieve_all_users" time="0.843" classname="tests.RestAssuredTest"/>
  <system-out/>
</testsuite> <!-- tests.RestAssuredTest -->
